<?xml version="1.0" encoding="UTF-8"?>
<!-- Generated by org.testng.reporters.JUnitXMLReporter -->
<testsuite ignored="4" hostname="DESKTOP-QUK0TPO" failures="0" tests="6" name="Test" time="0.115" errors="0" timestamp="2026-03-19T16:01:19 IST">
  <testcase classname="practicepackage.CreateTest01" name="Test01" time="0.018"/>
  <testcase classname="practicepackage.CreateTest01" name="Test03" time="0.001"/>
  <testcase classname="practicepackage.CreateTest01" name="Test05" time="0.001"/>
  <testcase classname="practicepackage.CreateTest02" name="Test04" time="0.002"/>
  <testcase classname="practicepackage.CreateTest02" name="Test06" time="0.003"/>
  <testcase classname="practicepackage.CreateTest02" name="Test08" time="0.002"/>
  <testcase classname="practicepackage.CreateTest02" name="Test05" time="0.0">
    <ignored/>
  </testcase> <!-- Test05 -->
  <testcase classname="practicepackage.CreateTest02" name="Test07" time="0.0">
    <ignored/>
  </testcase> <!-- Test07 -->
  <testcase classname="practicepackage.CreateTest01" name="Test02" time="0.0">
    <ignored/>
  </testcase> <!-- Test02 -->
  <testcase classname="practicepackage.CreateTest01" name="Test04" time="0.0">
    <ignored/>
  </testcase> <!-- Test04 -->
</testsuite> <!-- Test -->
