<?xml version="1.0" encoding="UTF-8"?>
<!-- Generated by org.testng.reporters.JUnitXMLReporter -->
<testsuite ignored="5" hostname="DESKTOP-QUK0TPO" failures="0" tests="8" name="TestDemo" time="0.132" errors="0" timestamp="2026-03-19T15:58:15 IST">
  <testcase classname="practicepackage.CreateTest01" name="Test02" time="0.016"/>
  <testcase classname="practicepackage.CreateTest01" name="Test03" time="0.002"/>
  <testcase classname="practicepackage.CreateTest01" name="Test04" time="0.002"/>
  <testcase classname="practicepackage.CreateTest02" name="Test05" time="0.001"/>
  <testcase classname="practicepackage.CreateTest02" name="Test06" time="0.003"/>
  <testcase classname="practicepackage.CreateTest02" name="Test07" time="0.002"/>
  <testcase classname="practicepackage.CreateTest" name="test09" time="0.002"/>
  <testcase classname="practicepackage.CreateTest" name="test11" time="0.003"/>
  <testcase classname="practicepackage.CreateTest01" name="Test05" time="0.0">
    <ignored/>
  </testcase> <!-- Test05 -->
  <testcase classname="practicepackage.CreateTest01" name="Test01" time="0.0">
    <ignored/>
  </testcase> <!-- Test01 -->
  <testcase classname="practicepackage.CreateTest02" name="Test08" time="0.0">
    <ignored/>
  </testcase> <!-- Test08 -->
  <testcase classname="practicepackage.CreateTest02" name="Test04" time="0.0">
    <ignored/>
  </testcase> <!-- Test04 -->
  <testcase classname="practicepackage.CreateTest" name="test10" time="0.0">
    <ignored/>
  </testcase> <!-- test10 -->
</testsuite> <!-- TestDemo -->
