<?xml version="1.0" encoding="UTF-8"?>
<!-- Generated by org.testng.reporters.JUnitReportReporter -->
<testsuite hostname="DESKTOP-QUK0TPO" failures="0" tests="3" name="practicepackage.CreateTest02" time="0.007" errors="0" timestamp="2026-03-19T16:01:19 IST" skipped="0">
  <testcase classname="practicepackage.CreateTest02" name="Test08" time="0.002"/>
  <testcase classname="practicepackage.CreateTest02" name="Test06" time="0.003"/>
  <testcase classname="practicepackage.CreateTest02" name="Test04" time="0.002"/>
</testsuite> <!-- practicepackage.CreateTest02 -->
