<?xml version="1.0" encoding="UTF-8"?>
<!-- Generated by org.testng.reporters.JUnitReportReporter -->
<testsuite hostname="DESKTOP-QUK0TPO" failures="0" tests="3" name="practicepackage.CreateTest01" time="0.020" errors="0" timestamp="2026-03-19T16:01:19 IST" skipped="0">
  <testcase classname="practicepackage.CreateTest01" name="Test05" time="0.001"/>
  <testcase classname="practicepackage.CreateTest01" name="Test01" time="0.018"/>
  <testcase classname="practicepackage.CreateTest01" name="Test03" time="0.001"/>
</testsuite> <!-- practicepackage.CreateTest01 -->
